2019/05/06 16:27:25 [ main ] - [ INFO  ] [ com.skytech.test.mapper.MapperTest : 50 ] - Starting MapperTest on DESKTOP-POJB1E3 with PID 14572 (started by huangdasheng in D:\IntelliJ_workspace\gradingDemo)
2019/05/06 16:27:25 [ main ] - [ INFO  ] [ com.skytech.test.mapper.MapperTest : 675 ] - No active profile set, falling back to default profiles: default
2019/05/06 16:27:30 [ main ] - [ INFO  ] [ com.skytech.test.mapper.MapperTest : 59 ] - Started MapperTest in 4.741 seconds (JVM running for 7.684)
2019/05/06 16:28:11 [ main ] - [ INFO  ] [ com.skytech.test.mapper.MapperTest : 50 ] - Starting MapperTest on DESKTOP-POJB1E3 with PID 12868 (started by huangdasheng in D:\IntelliJ_workspace\gradingDemo)
2019/05/06 16:28:11 [ main ] - [ INFO  ] [ com.skytech.test.mapper.MapperTest : 675 ] - No active profile set, falling back to default profiles: default
2019/05/06 16:28:16 [ main ] - [ INFO  ] [ com.skytech.test.mapper.MapperTest : 59 ] - Started MapperTest in 4.71 seconds (JVM running for 7.266)
2019/05/06 16:29:16 [ main ] - [ INFO  ] [ com.skytech.test.mapper.MapperTest : 50 ] - Starting MapperTest on DESKTOP-POJB1E3 with PID 17944 (started by huangdasheng in D:\IntelliJ_workspace\gradingDemo)
2019/05/06 16:29:16 [ main ] - [ INFO  ] [ com.skytech.test.mapper.MapperTest : 675 ] - No active profile set, falling back to default profiles: default
2019/05/06 16:29:19 [ main ] - [ INFO  ] [ com.skytech.test.mapper.MapperTest : 59 ] - Started MapperTest in 4.023 seconds (JVM running for 5.441)
2019/05/06 16:30:28 [ main ] - [ INFO  ] [ com.skytech.test.mapper.MapperTest : 50 ] - Starting MapperTest on DESKTOP-POJB1E3 with PID 17268 (started by huangdasheng in D:\IntelliJ_workspace\gradingDemo)
2019/05/06 16:30:28 [ main ] - [ INFO  ] [ com.skytech.test.mapper.MapperTest : 675 ] - No active profile set, falling back to default profiles: default
2019/05/06 16:30:32 [ main ] - [ INFO  ] [ com.skytech.test.mapper.MapperTest : 59 ] - Started MapperTest in 4.612 seconds (JVM running for 5.777)
2019/05/06 16:32:21 [ main ] - [ INFO  ] [ com.skytech.test.mapper.MapperTest : 50 ] - Starting MapperTest on DESKTOP-POJB1E3 with PID 12140 (started by huangdasheng in D:\IntelliJ_workspace\gradingDemo)
2019/05/06 16:32:21 [ main ] - [ INFO  ] [ com.skytech.test.mapper.MapperTest : 675 ] - No active profile set, falling back to default profiles: default
2019/05/06 16:32:25 [ main ] - [ INFO  ] [ com.skytech.test.mapper.MapperTest : 59 ] - Started MapperTest in 4.376 seconds (JVM running for 6.657)
2019/05/06 16:32:25 [ main ] - [ INFO  ] [ com.zaxxer.hikari.HikariDataSource : 110 ] - HikariPool-1 - Starting...
2019/05/06 16:32:25 [ main ] - [ WARN  ] [ com.zaxxer.hikari.util.DriverDataSource : 68 ] - Registered driver with driverClassName=oracle.jdbc.driver.OracleDriver was not found, trying direct instantiation.
2019/05/06 16:32:26 [ main ] - [ INFO  ] [ com.zaxxer.hikari.pool.PoolBase : 525 ] - HikariPool-1 - Driver does not support get/set network timeout for connections. (oracle.jdbc.driver.T4CConnection.getNetworkTimeout()I)
2019/05/06 16:32:26 [ main ] - [ INFO  ] [ com.zaxxer.hikari.HikariDataSource : 123 ] - HikariPool-1 - Start completed.
2019/05/06 16:32:26 [ Thread-2 ] - [ INFO  ] [ com.zaxxer.hikari.HikariDataSource : 350 ] - HikariPool-1 - Shutdown initiated...
2019/05/06 16:32:26 [ Thread-2 ] - [ INFO  ] [ com.zaxxer.hikari.HikariDataSource : 352 ] - HikariPool-1 - Shutdown completed.
2019/05/06 16:34:58 [ main ] - [ INFO  ] [ com.skytech.test.mapper.MapperTest : 50 ] - Starting MapperTest on DESKTOP-POJB1E3 with PID 4492 (started by huangdasheng in D:\IntelliJ_workspace\gradingDemo)
2019/05/06 16:34:58 [ main ] - [ INFO  ] [ com.skytech.test.mapper.MapperTest : 675 ] - No active profile set, falling back to default profiles: default
2019/05/06 16:35:02 [ main ] - [ INFO  ] [ com.skytech.test.mapper.MapperTest : 59 ] - Started MapperTest in 5.012 seconds (JVM running for 6.258)
2019/05/06 16:35:02 [ main ] - [ INFO  ] [ com.zaxxer.hikari.HikariDataSource : 110 ] - HikariPool-1 - Starting...
2019/05/06 16:35:02 [ main ] - [ WARN  ] [ com.zaxxer.hikari.util.DriverDataSource : 68 ] - Registered driver with driverClassName=oracle.jdbc.driver.OracleDriver was not found, trying direct instantiation.
2019/05/06 16:35:03 [ main ] - [ INFO  ] [ com.zaxxer.hikari.pool.PoolBase : 525 ] - HikariPool-1 - Driver does not support get/set network timeout for connections. (oracle.jdbc.driver.T4CConnection.getNetworkTimeout()I)
2019/05/06 16:35:03 [ main ] - [ INFO  ] [ com.zaxxer.hikari.HikariDataSource : 123 ] - HikariPool-1 - Start completed.
2019/05/06 16:35:04 [ Thread-2 ] - [ INFO  ] [ com.zaxxer.hikari.HikariDataSource : 350 ] - HikariPool-1 - Shutdown initiated...
2019/05/06 16:35:05 [ Thread-2 ] - [ INFO  ] [ com.zaxxer.hikari.HikariDataSource : 352 ] - HikariPool-1 - Shutdown completed.
2019/05/06 16:38:40 [ main ] - [ INFO  ] [ com.skytech.test.mapper.MapperTest : 50 ] - Starting MapperTest on DESKTOP-POJB1E3 with PID 4972 (started by huangdasheng in D:\IntelliJ_workspace\gradingDemo)
2019/05/06 16:38:40 [ main ] - [ INFO  ] [ com.skytech.test.mapper.MapperTest : 675 ] - No active profile set, falling back to default profiles: default
2019/05/06 16:38:44 [ main ] - [ INFO  ] [ com.skytech.test.mapper.MapperTest : 59 ] - Started MapperTest in 4.713 seconds (JVM running for 6.042)
2019/05/06 16:38:44 [ main ] - [ INFO  ] [ com.zaxxer.hikari.HikariDataSource : 110 ] - HikariPool-1 - Starting...
2019/05/06 16:38:44 [ main ] - [ WARN  ] [ com.zaxxer.hikari.util.DriverDataSource : 68 ] - Registered driver with driverClassName=oracle.jdbc.driver.OracleDriver was not found, trying direct instantiation.
2019/05/06 16:38:44 [ main ] - [ INFO  ] [ com.zaxxer.hikari.pool.PoolBase : 525 ] - HikariPool-1 - Driver does not support get/set network timeout for connections. (oracle.jdbc.driver.T4CConnection.getNetworkTimeout()I)
2019/05/06 16:38:44 [ main ] - [ INFO  ] [ com.zaxxer.hikari.HikariDataSource : 123 ] - HikariPool-1 - Start completed.
2019/05/06 16:38:44 [ Thread-2 ] - [ INFO  ] [ com.zaxxer.hikari.HikariDataSource : 350 ] - HikariPool-1 - Shutdown initiated...
2019/05/06 16:38:45 [ Thread-2 ] - [ INFO  ] [ com.zaxxer.hikari.HikariDataSource : 352 ] - HikariPool-1 - Shutdown completed.
2019/05/06 18:44:35 [ main ] - [ INFO  ] [ com.skytech.test.mapper.MapperTest : 50 ] - Starting MapperTest on DESKTOP-POJB1E3 with PID 21000 (started by huangdasheng in D:\IntelliJ_workspace\gradingDemo)
2019/05/06 18:44:35 [ main ] - [ INFO  ] [ com.skytech.test.mapper.MapperTest : 675 ] - No active profile set, falling back to default profiles: default
2019/05/06 18:44:39 [ main ] - [ INFO  ] [ com.skytech.test.mapper.MapperTest : 59 ] - Started MapperTest in 4.743 seconds (JVM running for 9.708)
